{"C:\\Users\\admin\\OneDrive\\Desktop\\unit_test\\src\\hooks\\useCounter.js": {"path":"C:\\Users\\admin\\OneDrive\\Desktop\\unit_test\\src\\hooks\\useCounter.js","all":false,"statementMap":{"0":{"start":{"line":1,"column":0},"end":{"line":1,"column":67}},"1":{"start":{"line":2,"column":0},"end":{"line":2,"column":0}},"2":{"start":{"line":3,"column":0},"end":{"line":3,"column":45}},"3":{"start":{"line":4,"column":0},"end":{"line":4,"column":51}},"4":{"start":{"line":5,"column":0},"end":{"line":5,"column":0}},"5":{"start":{"line":6,"column":0},"end":{"line":6,"column":31}},"6":{"start":{"line":7,"column":0},"end":{"line":7,"column":35}},"7":{"start":{"line":8,"column":0},"end":{"line":8,"column":5}},"8":{"start":{"line":9,"column":0},"end":{"line":9,"column":31}},"9":{"start":{"line":10,"column":0},"end":{"line":10,"column":35}},"10":{"start":{"line":11,"column":0},"end":{"line":11,"column":5}},"11":{"start":{"line":12,"column":0},"end":{"line":12,"column":0}},"12":{"start":{"line":13,"column":0},"end":{"line":13,"column":44}},"13":{"start":{"line":14,"column":0},"end":{"line":14,"column":1}}},"s":{"0":1,"1":1,"2":1,"3":4,"4":4,"5":4,"6":0,"7":0,"8":4,"9":0,"10":0,"11":4,"12":4,"13":4},"branchMap":{"0":{"type":"branch","line":3,"loc":{"start":{"line":3,"column":26},"end":{"line":14,"column":1}},"locations":[{"start":{"line":3,"column":26},"end":{"line":14,"column":1}}]}},"b":{"0":[4]},"fnMap":{"0":{"name":"useCounter","decl":{"start":{"line":3,"column":26},"end":{"line":14,"column":1}},"loc":{"start":{"line":3,"column":26},"end":{"line":14,"column":1}},"line":3},"1":{"name":"onIncrement","decl":{"start":{"line":6,"column":25},"end":{"line":8,"column":5}},"loc":{"start":{"line":6,"column":25},"end":{"line":8,"column":5}},"line":6},"2":{"name":"ondecrement","decl":{"start":{"line":9,"column":25},"end":{"line":11,"column":5}},"loc":{"start":{"line":9,"column":25},"end":{"line":11,"column":5}},"line":9}},"f":{"0":4,"1":0,"2":0}}
}
